<?xml version="1.0" encoding="UTF-8"?>
<!-- Generated by org.testng.reporters.JUnitXMLReporter -->
<testsuite ignored="0" hostname="rahul-PC" failures="0" tests="4" name="Test" time="47.151" errors="0" timestamp="2021-02-01T22:43:29 CET">
  <testcase classname="com.westwing.testcases.SearchResultListPageTest" name="searchFurnitureTest" time="5.451"/>
  <testcase classname="com.westwing.testcases.WishListPageTest" name="addToWishListTest" time="8.483"/>
  <testcase classname="com.westwing.testcases.WishListPageTest" name="deleteFromWishListTest" time="8.023"/>
  <testcase classname="com.westwing.testcases.HomePageTest" name="openAndValidateHomePage" time="0.899"/>
</testsuite> <!-- Test -->
