<?xml version="1.0" encoding="UTF-8"?>
<!-- Generated by org.testng.reporters.JUnitXMLReporter -->
<testsuite hostname="rahul-PC" ignored="0" name="Test" tests="4" failures="0" timestamp="2021-02-01T22:48:54 CET" time="46.931" errors="0">
  <testcase name="searchFurnitureTest" time="4.694" classname="com.westwing.testcases.SearchResultListPageTest"/>
  <testcase name="addToWishListTest" time="7.772" classname="com.westwing.testcases.WishListPageTest"/>
  <testcase name="deleteFromWishListTest" time="8.066" classname="com.westwing.testcases.WishListPageTest"/>
  <testcase name="openAndValidateHomePage" time="2.205" classname="com.westwing.testcases.HomePageTest"/>
</testsuite> <!-- Test -->
