<?xml version="1.0" encoding="UTF-8"?>
<testng-results ignored="0" total="4" passed="4" failed="0" skipped="0">
  <reporter-output>
  </reporter-output>
  <suite started-at="2021-02-01T22:42:42 CET" name="Suite" finished-at="2021-02-01T22:43:29 CET" duration-ms="47151">
    <groups>
    </groups>
    <test started-at="2021-02-01T22:42:42 CET" name="Test" finished-at="2021-02-01T22:43:29 CET" duration-ms="47151">
      <class name="com.westwing.testcases.SearchResultListPageTest">
        <test-method is-config="true" signature="setUp()[pri:0, instance:com.westwing.testcases.SearchResultListPageTest@11fc564b]" started-at="2021-02-01T22:42:42 CET" name="setUp" finished-at="2021-02-01T22:42:48 CET" duration-ms="6352" status="PASS">
          <reporter-output>
          </reporter-output>
        </test-method> <!-- setUp -->
        <test-method signature="searchFurnitureTest()[pri:0, instance:com.westwing.testcases.SearchResultListPageTest@11fc564b]" started-at="2021-02-01T22:42:48 CET" name="searchFurnitureTest" finished-at="2021-02-01T22:42:54 CET" duration-ms="5451" status="PASS">
          <reporter-output>
          </reporter-output>
        </test-method> <!-- searchFurnitureTest -->
        <test-method is-config="true" signature="tearDown()[pri:0, instance:com.westwing.testcases.SearchResultListPageTest@11fc564b]" started-at="2021-02-01T22:42:54 CET" name="tearDown" finished-at="2021-02-01T22:42:54 CET" duration-ms="656" status="PASS">
          <reporter-output>
          </reporter-output>
        </test-method> <!-- tearDown -->
      </class> <!-- com.westwing.testcases.SearchResultListPageTest -->
      <class name="com.westwing.testcases.WishListPageTest">
        <test-method is-config="true" signature="setUp()[pri:0, instance:com.westwing.testcases.WishListPageTest@394a2528]" started-at="2021-02-01T22:42:54 CET" name="setUp" finished-at="2021-02-01T22:43:00 CET" duration-ms="5405" status="PASS">
          <reporter-output>
          </reporter-output>
        </test-method> <!-- setUp -->
        <test-method signature="addToWishListTest()[pri:0, instance:com.westwing.testcases.WishListPageTest@394a2528]" started-at="2021-02-01T22:43:00 CET" name="addToWishListTest" finished-at="2021-02-01T22:43:08 CET" duration-ms="8483" status="PASS">
          <reporter-output>
          </reporter-output>
        </test-method> <!-- addToWishListTest -->
        <test-method is-config="true" signature="tearDown()[pri:0, instance:com.westwing.testcases.WishListPageTest@394a2528]" started-at="2021-02-01T22:43:08 CET" name="tearDown" finished-at="2021-02-01T22:43:09 CET" duration-ms="710" status="PASS">
          <reporter-output>
          </reporter-output>
        </test-method> <!-- tearDown -->
        <test-method is-config="true" signature="setUp()[pri:0, instance:com.westwing.testcases.WishListPageTest@394a2528]" started-at="2021-02-01T22:43:09 CET" name="setUp" finished-at="2021-02-01T22:43:14 CET" duration-ms="5173" status="PASS">
          <reporter-output>
          </reporter-output>
        </test-method> <!-- setUp -->
        <test-method signature="deleteFromWishListTest()[pri:0, instance:com.westwing.testcases.WishListPageTest@394a2528]" started-at="2021-02-01T22:43:14 CET" name="deleteFromWishListTest" finished-at="2021-02-01T22:43:22 CET" duration-ms="8023" status="PASS">
          <reporter-output>
          </reporter-output>
        </test-method> <!-- deleteFromWishListTest -->
        <test-method is-config="true" signature="tearDown()[pri:0, instance:com.westwing.testcases.WishListPageTest@394a2528]" started-at="2021-02-01T22:43:22 CET" name="tearDown" finished-at="2021-02-01T22:43:23 CET" duration-ms="807" status="PASS">
          <reporter-output>
          </reporter-output>
        </test-method> <!-- tearDown -->
      </class> <!-- com.westwing.testcases.WishListPageTest -->
      <class name="com.westwing.testcases.HomePageTest">
        <test-method is-config="true" signature="setUp()[pri:0, instance:com.westwing.testcases.HomePageTest@6236eb5f]" started-at="2021-02-01T22:43:23 CET" name="setUp" finished-at="2021-02-01T22:43:27 CET" duration-ms="4483" status="PASS">
          <reporter-output>
          </reporter-output>
        </test-method> <!-- setUp -->
        <test-method signature="openAndValidateHomePage()[pri:0, instance:com.westwing.testcases.HomePageTest@6236eb5f]" started-at="2021-02-01T22:43:27 CET" name="openAndValidateHomePage" finished-at="2021-02-01T22:43:28 CET" duration-ms="899" status="PASS">
          <reporter-output>
          </reporter-output>
        </test-method> <!-- openAndValidateHomePage -->
        <test-method is-config="true" signature="tearDown()[pri:0, instance:com.westwing.testcases.HomePageTest@6236eb5f]" started-at="2021-02-01T22:43:28 CET" name="tearDown" finished-at="2021-02-01T22:43:29 CET" duration-ms="636" status="PASS">
          <reporter-output>
          </reporter-output>
        </test-method> <!-- tearDown -->
      </class> <!-- com.westwing.testcases.HomePageTest -->
    </test> <!-- Test -->
  </suite> <!-- Suite -->
</testng-results>
